Removed Parameter Cod. Protheus:03011074 from Part Q?
Removed Parameter Cod. Protheus:03011076 from Part Q?
Removed Parameter Cod. Protheus:03018058 from Part Q?
Removed Parameter Cod. Protheus:03018059 from Part Q?
Removed Parameter Cod. Protheus:03018060 from Part Q?
Removed Parameter Cod. Protheus:03018063 from Part Q?
Removed Parameter Cod. Protheus:03018065 from Part Q?
Removed Parameter Cod. Protheus:03018066 from Part Q?
Removed Parameter Cod. Protheus:03018067 from Part Q?
Removed Parameter Cod. Protheus:03018068 from Part Q?
Removed Parameter Cod. Protheus:03018070 from Part Q?
Removed Parameter Cod. Protheus:03018071 from Part Q?
Removed Parameter Cod. Protheus:03018072 from Part Q?
Removed Parameter Cod. Protheus:03018073 from Part Q?
Removed Parameter Cod. Protheus:03018074 from Part Q?
Removed Parameter Cod. Protheus:03018075 from Part Q?
Removed Parameter Cod. Protheus:03018076 from Part Q?
Removed Parameter Cod. Protheus:03018077 from Part Q?
Removed Parameter Cod. Protheus:03018082 from Part Q?
Removed Parameter Cod. Protheus:03018090 from Part Q?
Removed Parameter Cod. Protheus:03018107 from Part Q?
Removed Parameter Cod. Protheus:03018123 from Part Q?
Removed Parameter Cod. Protheus:03018123 from Part Q?
Removed Parameter Cod. Protheus:03019008 from Part Q?
Removed Parameter Cod. Protheus:03019046 from Part Q?
Removed Parameter Cod. Protheus:* from Part Q?
Removed Parameter Cod. Protheus: from Part Q?
Removed Parameter Cod. Protheus:* from Part Q?
Removed Parameter Cod. Protheus:* from Part Q?
Removed Parameter Cod. Protheus:* from Part Q?
Removed Parameter Cod. Protheus:* from Part Q?
Removed Parameter Cod. Protheus:* from Part Q?
Removed Parameter Cod. Protheus:* from Part Q?
Removed Parameter Cod. Protheus:* from Part Q?
Removed Parameter Fornecedor1: from Part Q?
Removed Parameter Fornecedor1: from Part Q?
Removed Parameter Fornecedor1: from Part Q?
Removed Parameter Fornecedor1: from Part Q?
Removed Parameter Fornecedor1: from Part Q?
Removed Parameter Fornecedor1: from Part Q?
Removed Parameter Fornecedor1: from Part Q?
Removed Parameter Fornecedor1: from Part Q?
Removed Parameter Fornecedor1: from Part Q?
Removed Parameter Fornecedor1: from Part Q?
Removed Parameter Fornecedor1: from Part Q?
Removed Parameter Fornecedor1: from Part Q?
Removed Parameter Fornecedor1: from Part Q?
Removed Parameter Fornecedor1: from Part Q?
Removed Parameter Fornecedor1: from Part Q?
Removed Parameter Fornecedor1: from Part Q?
Removed Parameter Fornecedor1: from Part Q?
Removed Parameter Fornecedor1: from Part Q?
Removed Parameter Fornecedor1: from Part Q?
Removed Parameter Fornecedor1: from Part Q?
Removed Parameter Fornecedor1: from Part Q?
Removed Parameter Fornecedor1: from Part Q?
Removed Parameter Fornecedor1: from Part Q?
Removed Parameter Fornecedor1: from Part Q?
Removed Parameter Fornecedor1: from Part Q?
Removed Parameter Fornecedor1: from Part Q?
Removed Parameter Fornecedor1: from Part Q?
Removed Parameter Fornecedor1: from Part Q?
Removed Parameter Fornecedor1: from Part Q?
Removed Parameter Fornecedor1: from Part Q?
Removed Parameter Fornecedor1: from Part Q?
Removed Parameter Fornecedor1: from Part Q?
Removed Parameter Fornecedor1: from Part Q?
Removed Parameter Fornecedor1:NXP from Part Q?
Removed Parameter Fornecimento:Ibramed from Part Q?
Removed Parameter Fornecimento:Ibramed from Part Q?
Removed Parameter Fornecimento:Ibramed from Part Q?
Removed Parameter Fornecimento:Ibramed from Part Q?
Removed Parameter Fornecimento:Ibramed from Part Q?
Removed Parameter Fornecimento:Ibramed from Part Q?
Removed Parameter Fornecimento:Ibramed from Part Q?
Removed Parameter Fornecimento:Ibramed from Part Q?
Removed Parameter Fornecimento:Ibramed from Part Q?
Removed Parameter Fornecimento:Ibramed from Part Q?
Removed Parameter Fornecimento:Ibramed from Part Q?
Removed Parameter Fornecimento:Ibramed from Part Q?
Removed Parameter Fornecimento:Ibramed from Part Q?
Removed Parameter Fornecimento:Ibramed from Part Q?
Removed Parameter Fornecimento:Ibramed from Part Q?
Removed Parameter Fornecimento:Ibramed from Part Q?
Removed Parameter Fornecimento:Ibramed from Part Q?
Removed Parameter Fornecimento:Ibramed from Part Q?
Removed Parameter Fornecimento:Ibramed from Part Q?
Removed Parameter Fornecimento:Ibramed from Part Q?
Removed Parameter Fornecimento:Ibramed from Part Q?
Removed Parameter Fornecimento:Ibramed from Part Q?
Removed Parameter Fornecimento:Ibramed from Part Q?
Removed Parameter Fornecimento:Ibramed from Part Q?
Removed Parameter Fornecimento:Ibramed from Part Q?
Removed Parameter Fornecimento:Ibramed from Part Q?
Removed Parameter Fornecimento:Ibramed from Part Q?
Removed Parameter Fornecimento:Ibramed from Part Q?
Removed Parameter Fornecimento:Ibramed from Part Q?
Removed Parameter Fornecimento:Ibramed from Part Q?
Removed Parameter Fornecimento:Ibramed from Part Q?
Removed Parameter Fornecimento:Montadora from Part Q?
Removed Parameter Fornecimento:Montadora from Part Q?
Removed Parameter Fornecimento:Montadora from Part Q?
Removed Parameter Supplier 1:Arrow from Part Q?
Removed Parameter Supplier 1:Arrow from Part Q?
Removed Parameter Supplier 1:Arrow from Part Q?
Removed Parameter Supplier 1:Digi-Key from Part Q?
Removed Parameter Supplier 1:Digi-Key from Part Q?
Removed Parameter Supplier 1:Digi-Key from Part Q?
Removed Parameter Supplier 1:Digi-Key from Part Q?
Removed Parameter Supplier 1:Digi-Key from Part Q?
Removed Parameter Supplier 1:Digi-Key from Part Q?
Removed Parameter Supplier 1:Digi-Key from Part Q?
Removed Parameter Supplier 1:Digi-Key from Part Q?
Removed Parameter Supplier 1:Digi-Key from Part Q?
Removed Parameter Supplier 1:Digi-Key from Part Q?
Removed Parameter Supplier 1:Farnell from Part Q?
Removed Parameter Supplier 1:Farnell from Part Q?
Removed Parameter Supplier 1:Farnell from Part Q?
Removed Parameter Supplier 1:Mouser from Part Q?
Removed Parameter Supplier 1:Mouser from Part Q?
Removed Parameter Supplier 1:Mouser from Part Q?
Removed Parameter Supplier 1:Mouser from Part Q?
Removed Parameter Supplier 1:Mouser from Part Q?
Removed Parameter Supplier 1:Mouser from Part Q?
Removed Parameter Supplier 1:Mouser from Part Q?
Removed Parameter Supplier 1:Mouser from Part Q?
Removed Parameter Supplier 1:Mouser from Part Q?
Removed Parameter Supplier 1:Newark from Part Q?
Removed Parameter Supplier 1:TME from Part Q?
Removed Parameter Supplier 2:Digi-Key from Part Q?
Removed Parameter Supplier 2:Digi-Key from Part Q?
Removed Parameter Supplier 2:Digi-Key from Part Q?
Removed Parameter Supplier 2:Digi-Key from Part Q?
Removed Parameter Supplier 2:Digi-Key from Part Q?
Removed Parameter Supplier 2:Digi-Key from Part Q?
Removed Parameter Supplier 2:Digi-Key from Part Q?
Removed Parameter Supplier 2:Digi-Key from Part Q?
Removed Parameter Supplier 2:Digi-Key from Part Q?
Removed Parameter Supplier 2:Digi-Key from Part Q?
Removed Parameter Supplier 2:Farnell from Part Q?
Removed Parameter Supplier 2:Farnell from Part Q?
Removed Parameter Supplier 2:Farnell from Part Q?
Removed Parameter Supplier 2:Farnell from Part Q?
Removed Parameter Supplier 2:Mouser from Part Q?
Removed Parameter Supplier 2:Mouser from Part Q?
Removed Parameter Supplier 2:Mouser from Part Q?
Removed Parameter Supplier 2:TME from Part Q?
Removed Parameter Supplier 3:Arrow from Part Q?
Removed Parameter Supplier 3:Digi-Key from Part Q?
Removed Parameter Supplier 3:Digi-Key from Part Q?
Removed Parameter Supplier 3:Farnell from Part Q?
Removed Parameter Supplier 3:Farnell from Part Q?
Removed Parameter Supplier 3:Farnell from Part Q?
Removed Parameter Supplier 3:Mouser from Part Q?
Removed Parameter Supplier 3:Newark from Part Q?
Removed Parameter Supplier 3:TME from Part Q?
Removed Parameter Supplier 3:TME from Part Q?
Removed Parameter Supplier 4:Digi-Key from Part Q?
Removed Parameter Supplier Part Number 1:06F8477 from Part Q?
Removed Parameter Supplier Part Number 1:497-6656-5-ND from Part Q?
Removed Parameter Supplier Part Number 1:511-BUX87 from Part Q?
Removed Parameter Supplier Part Number 1:511-MJD122 from Part Q?
Removed Parameter Supplier Part Number 1:511-MJD127 from Part Q?
Removed Parameter Supplier Part Number 1:512-FDD850N10LD from Part Q?
Removed Parameter Supplier Part Number 1:512-FQD10N20LTM from Part Q?
Removed Parameter Supplier Part Number 1:726-SPW55N80C3 from Part Q?
Removed Parameter Supplier Part Number 1:844-IRF840LC from Part Q?
Removed Parameter Supplier Part Number 1:844-IRLR110 from Part Q?
Removed Parameter Supplier Part Number 1:863-BC337 from Part Q?
Removed Parameter Supplier Part Number 1:1459035 from Part Q?
Removed Parameter Supplier Part Number 1:1574378 from Part Q?
Removed Parameter Supplier Part Number 1:2453806 from Part Q?
Removed Parameter Supplier Part Number 1:BD13516SFS-ND from Part Q?
Removed Parameter Supplier Part Number 1:EQoW_XoSKin2KA0dDSb2MSVkODBL57_IpCqSV8nt3Uc from Part Q?
Removed Parameter Supplier Part Number 1:FDD390N15ALZDKR-ND from Part Q?
Removed Parameter Supplier Part Number 1:FDD86113LZFSDKR-ND from Part Q?
Removed Parameter Supplier Part Number 1:FQA11N90C_F109-ND from Part Q?
Removed Parameter Supplier Part Number 1:IRF720PBF-ND from Part Q?
Removed Parameter Supplier Part Number 1:IRF9530PBF from Part Q?
Removed Parameter Supplier Part Number 1:IRL640A-ND from Part Q?
Removed Parameter Supplier Part Number 1:IRLR3105TRPBFCT-ND from Part Q?
Removed Parameter Supplier Part Number 1:KSE340STU-ND from Part Q?
Removed Parameter Supplier Part Number 1:n3hnYt8xjeMbpyrrh1A9MkDxGsGAI2Hgza6nA-y0W5E from Part Q?
Removed Parameter Supplier Part Number 1:SDthOLTmwte8dl_eWMFvct6r4xlqd-qGppaxTxzuHf8 from Part Q?
Removed Parameter Supplier Part Number 1:TIP50OS-ND from Part Q?
Removed Parameter Supplier Part Number 2:497-12757-5-ND from Part Q?
Removed Parameter Supplier Part Number 2:497-14154-5-ND from Part Q?
Removed Parameter Supplier Part Number 2:512-FDD390N15ALZ from Part Q?
Removed Parameter Supplier Part Number 2:568-1631-1-ND from Part Q?
Removed Parameter Supplier Part Number 2:863-BF422 from Part Q?
Removed Parameter Supplier Part Number 2:863-TIP50 from Part Q?
Removed Parameter Supplier Part Number 2:1574379 from Part Q?
Removed Parameter Supplier Part Number 2:2453882 from Part Q?
Removed Parameter Supplier Part Number 2:8648425 from Part Q?
Removed Parameter Supplier Part Number 2:9558560 from Part Q?
Removed Parameter Supplier Part Number 2:BC327-16 from Part Q?
Removed Parameter Supplier Part Number 2:BC558BTATB-ND from Part Q?
Removed Parameter Supplier Part Number 2:BD13916STU-ND from Part Q?
Removed Parameter Supplier Part Number 2:FDD86113LZFSCT-ND from Part Q?
Removed Parameter Supplier Part Number 2:FQD10N20LTMDKR-ND from Part Q?
Removed Parameter Supplier Part Number 2:IRF840LCPBF-ND from Part Q?
Removed Parameter Supplier Part Number 2:MJE350GOS-ND from Part Q?
Removed Parameter Supplier Part Number 2:SPW55N80C3FKSA1-ND from Part Q?
Removed Parameter Supplier Part Number 3:5lVtuUACEHG9D2pX-kUhm8S9wGR_ycp_Ky5EWE7Jbws from Part Q?
Removed Parameter Supplier Part Number 3:85X7431 from Part Q?
Removed Parameter Supplier Part Number 3:512-FDD86113LZ from Part Q?
Removed Parameter Supplier Part Number 3:2101372 from Part Q?
Removed Parameter Supplier Part Number 3:2454143 from Part Q?
Removed Parameter Supplier Part Number 3:9558489 from Part Q?
Removed Parameter Supplier Part Number 3:BC558BTACT-ND from Part Q?
Removed Parameter Supplier Part Number 3:BC817-16LT1G from Part Q?
Removed Parameter Supplier Part Number 3:BF422,116-ND from Part Q?
Removed Parameter Supplier Part Number 3:IRF720PBF from Part Q?
Removed Parameter Supplier Part Number 4:FDD86113LZFSTR-ND from Part Q?
