Removed Parameter Availability:Good from Part U?
Removed Parameter Cod. Protheus:03018003 from Part U?
Removed Parameter Cod. Protheus:03018006 from Part U?
Removed Parameter Cod. Protheus:03018007 from Part U?
Removed Parameter Cod. Protheus:03018008 from Part U?
Removed Parameter Cod. Protheus:03018010 from Part U?
Removed Parameter Cod. Protheus:03018011 from Part U?
Removed Parameter Cod. Protheus:03018012 from Part U?
Removed Parameter Cod. Protheus:03018013 from Part U?
Removed Parameter Cod. Protheus:03018015 from Part U?
Removed Parameter Cod. Protheus:03018018 from Part U?
Removed Parameter Cod. Protheus:03018020 from Part U?
Removed Parameter Cod. Protheus:03018021 from Part U?
Removed Parameter Cod. Protheus:03018022 from Part U?
Removed Parameter Cod. Protheus:03018027 from Part U?
Removed Parameter Cod. Protheus:03018029 from Part U?
Removed Parameter Cod. Protheus:03018030 from Part U?
Removed Parameter Cod. Protheus:03018035 from Part U?
Removed Parameter Cod. Protheus:03018037 from Part U?
Removed Parameter Cod. Protheus:03018039 from Part U?
Removed Parameter Cod. Protheus:03018080 from Part U?
Removed Parameter Cod. Protheus:03018081 from Part U?
Removed Parameter Cod. Protheus:03018086 from Part U?
Removed Parameter Cod. Protheus:03018087 from Part U?
Removed Parameter Cod. Protheus:03018091 from Part U?
Removed Parameter Cod. Protheus:03018095 from Part U?
Removed Parameter Cod. Protheus:03018110 from Part U?
Removed Parameter Cod. Protheus:03018112 from Part U?
Removed Parameter Cod. Protheus:03018112 from Part U?
Removed Parameter Cod. Protheus:03018116 from Part U?
Removed Parameter Cod. Protheus:03018119 from Part U?
Removed Parameter Cod. Protheus:03018121 from Part U?
Removed Parameter Cod. Protheus:03018127 from Part U?
Removed Parameter Cod. Protheus: from Part U?
Removed Parameter Cod. Protheus:* from Part U?
Removed Parameter Cod. Protheus:* from Part U?
Removed Parameter Cod. Protheus:* from Part U?
Removed Parameter Cod. Protheus:* from Part U?
Removed Parameter Cod. Protheus:* from Part U?
Removed Parameter Cod. Protheus: from Part U?
Removed Parameter Cod. Protheus: from Part U?
Removed Parameter FLASH Memory Size:131072 B from Part U?
Removed Parameter Fornecedor1:* from Part U?
Removed Parameter Fornecedor1:* from Part U?
Removed Parameter Fornecedor1:* from Part U?
Removed Parameter Fornecedor1:* from Part U?
Removed Parameter Fornecedor1:* from Part U?
Removed Parameter Fornecedor1:* from Part U?
Removed Parameter Fornecedor1:* from Part U?
Removed Parameter Fornecedor1:* from Part U?
Removed Parameter Fornecedor1:* from Part U?
Removed Parameter Fornecedor1:* from Part U?
Removed Parameter Fornecedor1:* from Part U?
Removed Parameter Fornecedor1:* from Part U?
Removed Parameter Fornecedor1:* from Part U?
Removed Parameter Fornecedor1:* from Part U?
Removed Parameter Fornecedor1:* from Part U?
Removed Parameter Fornecedor1:* from Part U?
Removed Parameter Fornecedor1:* from Part U?
Removed Parameter Fornecedor1:* from Part U?
Removed Parameter Fornecedor1:* from Part U?
Removed Parameter Fornecedor1:* from Part U?
Removed Parameter Fornecedor1:* from Part U?
Removed Parameter Fornecedor1:* from Part U?
Removed Parameter Fornecedor1:* from Part U?
Removed Parameter Fornecedor1:* from Part U?
Removed Parameter Fornecedor1:* from Part U?
Removed Parameter Fornecedor1:* from Part U?
Removed Parameter Fornecedor1:* from Part U?
Removed Parameter Fornecedor1:* from Part U?
Removed Parameter Fornecedor1:* from Part U?
Removed Parameter Fornecedor1:* from Part U?
Removed Parameter Fornecedor1:* from Part U?
Removed Parameter Fornecedor1:* from Part U?
Removed Parameter Fornecedor1:* from Part U?
Removed Parameter Fornecedor1:* from Part U?
Removed Parameter Fornecedor1:* from Part U?
Removed Parameter Fornecedor1:* from Part U?
Removed Parameter Fornecedor1:* from Part U?
Removed Parameter Fornecedor1:* from Part U?
Removed Parameter Fornecedor1: from Part U?
Removed Parameter Fornecedor1: from Part U?
Removed Parameter Fornecimento:Ibramed from Part U?
Removed Parameter Fornecimento:Ibramed from Part U?
Removed Parameter Fornecimento:Ibramed from Part U?
Removed Parameter Fornecimento:Ibramed from Part U?
Removed Parameter Fornecimento:Ibramed from Part U?
Removed Parameter Fornecimento:Ibramed from Part U?
Removed Parameter Fornecimento:Ibramed from Part U?
Removed Parameter Fornecimento:Ibramed from Part U?
Removed Parameter Fornecimento:Ibramed from Part U?
Removed Parameter Fornecimento:Ibramed from Part U?
Removed Parameter Fornecimento:Ibramed from Part U?
Removed Parameter Fornecimento:Ibramed from Part U?
Removed Parameter Fornecimento:Ibramed from Part U?
Removed Parameter Fornecimento:Ibramed from Part U?
Removed Parameter Fornecimento:Ibramed from Part U?
Removed Parameter Fornecimento:Ibramed from Part U?
Removed Parameter Fornecimento:Ibramed from Part U?
Removed Parameter Fornecimento:Ibramed from Part U?
Removed Parameter Fornecimento:Ibramed from Part U?
Removed Parameter Fornecimento:Ibramed from Part U?
Removed Parameter Fornecimento:Ibramed from Part U?
Removed Parameter Fornecimento:Ibramed from Part U?
Removed Parameter Fornecimento:Ibramed from Part U?
Removed Parameter Fornecimento:Ibramed from Part U?
Removed Parameter Fornecimento:Ibramed from Part U?
Removed Parameter Fornecimento:Ibramed from Part U?
Removed Parameter Fornecimento:Ibramed from Part U?
Removed Parameter Fornecimento:Ibramed from Part U?
Removed Parameter Fornecimento:Ibramed from Part U?
Removed Parameter Fornecimento:Ibramed from Part U?
Removed Parameter Fornecimento:Ibramed from Part U?
Removed Parameter Fornecimento:Ibramed from Part U?
Removed Parameter Fornecimento:Ibramed from Part U?
Removed Parameter Fornecimento:Ibramed from Part U?
Removed Parameter Fornecimento:Ibramed from Part U?
Removed Parameter Fornecimento:Ibramed from Part U?
Removed Parameter Fornecimento:Ibramed from Part U?
Removed Parameter Fornecimento:Ibramed from Part U?
Removed Parameter Fornecimento:Montadora from Part U?
Removed Parameter Fornecimento:Montadora from Part U?
Removed Parameter Lead-Free Status:Lead Free from Part U?
Removed Parameter Lifecycle Status:Active from Part U?
Removed Parameter Manufacturer Part Number:NRF24L01 from Part U?
Removed Parameter MF:STMicroelectronics from Part U?
Removed Parameter Mounting Style:Surface Mount from Part U?
Removed Parameter MP:L298P from Part U?
Removed Parameter Number of Pins:44 from Part U?
Removed Parameter OctopartID:13acdbe63e49cc6b from Part U?
Removed Parameter OctopartID: from Part U?
Removed Parameter Octopart Url: from Part U?
Removed Parameter Octopart Url:http://octopart.com/nrf24l01-nordic+semiconductor-20973699 from Part U?
Removed Parameter Package:SO-20 STMicroelectronics from Part U?
Removed Parameter Price:4.70 USD from Part U?
Removed Parameter RAM Memory Size:16384 B from Part U?
Removed Parameter REACH SVHC Compliance:No SVHC from Part U?
Removed Parameter RoHS:Compliant from Part U?
Removed Parameter RoHS:Compliant from Part U?
Removed Parameter Seller Landing  Url:https://octopart-clicks.com/click/track?country=US&ak=8157f166&sig=0060093&sid=2401&ppid=20973699&vpid=114291988&ct=offers from Part U?
Removed Parameter Supplier 2:Digi-Key from Part U?
Removed Parameter Supplier 2:Digi-Key from Part U?
Removed Parameter Supplier 2:Digi-Key from Part U?
Removed Parameter Supplier 2:Farnell from Part U?
Removed Parameter Supplier 2:Farnell from Part U?
Removed Parameter Supplier Part Number 2:296-12386-6-ND from Part U?
Removed Parameter Supplier Part Number 2:296-35394-1-ND from Part U?
Removed Parameter Supplier Part Number 2:1362638 from Part U?
Removed Parameter Supplier Part Number 2:2382943 from Part U?
Removed Parameter Supplier Part Number 2:LM2576HVSX-ADJ/NOPBDKR-ND from Part U?
Removed Parameter Value:* from Part U?
