Removed Parameter Cod. Protheus:* from Part CN?
Removed Parameter Cod. Protheus:* from Part CN?
Removed Parameter Cod. Protheus:* from Part CN?
Removed Parameter Cod. Protheus:* from Part CN?
Removed Parameter Cod. Protheus:* from Part CN?
Removed Parameter Cod. Protheus:* from Part CN?
Removed Parameter Cod. Protheus:* from Part CN?
Removed Parameter Cod. Protheus:* from Part CN?
Removed Parameter Cod. Protheus:* from Part CN?
Removed Parameter Cod. Protheus:* from Part CN?
Removed Parameter Cod. Protheus:* from Part CN?
Removed Parameter Cod. Protheus:* from Part CN?
Removed Parameter Cod. Protheus:* from Part CN?
Removed Parameter Cod. Protheus:* from Part CN?
Removed Parameter Cod. Protheus:* from Part CN?
Removed Parameter Cod. Protheus:* from Part CN?
Removed Parameter Cod. Protheus:* from Part CN?
Removed Parameter Cod. Protheus:* from Part CN?
Removed Parameter Cod. Protheus:* from Part CN?
Removed Parameter Cod. Protheus:* from Part CN?
Removed Parameter Cod. Protheus:* from Part CN?
Removed Parameter Cod. Protheus:* from Part CN?
Removed Parameter Cod. Protheus:* from Part CN?
Removed Parameter Cod. Protheus:* from Part CN?
Removed Parameter Cod. Protheus:* from Part CN?
Removed Parameter Cod. Protheus:* from Part CN?
Removed Parameter Cod. Protheus:* from Part CN?
Removed Parameter Cod. Protheus:* from Part CN?
Removed Parameter Cod. Protheus:* from Part CN?
Removed Parameter Cod. Protheus:* from Part CN?
Removed Parameter Cod. Protheus:* from Part CN?
Removed Parameter Cod. Protheus:* from Part CN?
Removed Parameter Cod. Protheus:* from Part CN?
Removed Parameter Cod. Protheus:* from Part CN?
Removed Parameter Cod. Protheus:* from Part CN?
Removed Parameter Cod. Protheus:* from Part CN?
Removed Parameter Cod. Protheus:* from Part CN?
Removed Parameter Cod. Protheus:* from Part CN?
Removed Parameter Cod. Protheus:* from Part CN?
Removed Parameter Cod. Protheus:* from Part CN?
Removed Parameter Cod. Protheus:* from Part CN?
Removed Parameter Cod. Protheus:* from Part CN?
Removed Parameter Cod. Protheus:* from Part CN?
Removed Parameter Cod. Protheus:* from Part CN?
Removed Parameter Cod. Protheus:* from Part CN?
Removed Parameter Cod. Protheus:* from Part CN?
Removed Parameter Cod. Protheus:* from Part CN?
Removed Parameter Cod. Protheus:* from Part CN?
Removed Parameter Cod. Protheus:* from Part CN?
Removed Parameter Cod. Protheus:* from Part CN?
Removed Parameter Cod. Protheus:* from Part CN?
Removed Parameter Cod. Protheus:* from Part CN?
Removed Parameter Fornecimento:Montadora from Part CN?
Removed Parameter Fornecimento:Montadora from Part CN?
Removed Parameter Fornecimento:Montadora from Part CN?
Removed Parameter Fornecimento:Montadora from Part CN?
Removed Parameter Fornecimento:Montadora from Part CN?
Removed Parameter Fornecimento:Montadora from Part CN?
Removed Parameter Fornecimento:Montadora from Part CN?
Removed Parameter Fornecimento:Montadora from Part CN?
Removed Parameter Fornecimento:Montadora from Part CN?
Removed Parameter Fornecimento:Montadora from Part CN?
Removed Parameter Fornecimento:Montadora from Part CN?
Removed Parameter Fornecimento:Montadora from Part CN?
Removed Parameter Fornecimento:Montadora from Part CN?
Removed Parameter Fornecimento:Montadora from Part CN?
Removed Parameter Fornecimento:Montadora from Part CN?
Removed Parameter Fornecimento:Montadora from Part CN?
Removed Parameter Fornecimento:Montadora from Part CN?
Removed Parameter Fornecimento:Montadora from Part CN?
Removed Parameter Fornecimento:Montadora from Part CN?
Removed Parameter Fornecimento:Montadora from Part CN?
Removed Parameter Fornecimento:Montadora from Part CN?
Removed Parameter Fornecimento:Montadora from Part CN?
Removed Parameter Fornecimento:Montadora from Part CN?
Removed Parameter Fornecimento:Montadora from Part CN?
Removed Parameter Fornecimento:Montadora from Part CN?
Removed Parameter Fornecimento:Montadora from Part CN?
Removed Parameter Fornecimento:Montadora from Part CN?
Removed Parameter Fornecimento:Montadora from Part CN?
Removed Parameter Fornecimento:Montadora from Part CN?
Removed Parameter Fornecimento:Montadora from Part CN?
Removed Parameter Fornecimento:Montadora from Part CN?
Removed Parameter Fornecimento:Montadora from Part CN?
Removed Parameter Fornecimento:Montadora from Part CN?
Removed Parameter Fornecimento:Montadora from Part CN?
Removed Parameter Fornecimento:Montadora from Part CN?
Removed Parameter Fornecimento:Montadora from Part CN?
Removed Parameter Fornecimento:Montadora from Part CN?
Removed Parameter Fornecimento:Montadora from Part CN?
Removed Parameter Fornecimento:Montadora from Part CN?
Removed Parameter Fornecimento:Montadora from Part CN?
Removed Parameter Fornecimento:Montadora from Part CN?
Removed Parameter Fornecimento:Montadora from Part CN?
Removed Parameter Fornecimento:Montadora from Part CN?
Removed Parameter Fornecimento:Montadora from Part CN?
Removed Parameter Fornecimento:Montadora from Part CN?
Removed Parameter Fornecimento:Montadora from Part CN?
Removed Parameter Fornecimento:Montadora from Part CN?
Removed Parameter Fornecimento:Montadora from Part CN?
Removed Parameter Fornecimento:Montadora from Part CN?
Removed Parameter Fornecimento:Montadora from Part CN?
Removed Parameter Fornecimento:Montadora from Part CN?
Removed Parameter Fornecimento:Montadora from Part CN?
Change Value of Parameter Valor/Partnumber in Part CN? Old= New=Header Macho Horizontal 1x6 KK 2,54mm
Change Value of Parameter Valor/Partnumber in Part CN? Old= New=Header Macho Vertical 1x1
Change Value of Parameter Valor/Partnumber in Part CN? Old= New=Header Macho Vertical 1x5 KK 2,54mm
Change Value of Parameter Valor/Partnumber in Part CN? Old= New=Header Macho Vertical 1x2 2,54mm
Change Value of Parameter Valor/Partnumber in Part CN? Old= New=Header Macho Vertical 1x3 2,54mm
Change Value of Parameter Valor/Partnumber in Part CN? Old= New=Header Macho Vertical 1x4 2,54mm
Change Value of Parameter Valor/Partnumber in Part CN? Old= New=Header Macho Vertical 1x4 3,96mm
Change Value of Parameter Valor/Partnumber in Part CN? Old= New=Header Macho Vertical 1x5 2,54mm
Change Value of Parameter Valor/Partnumber in Part CN? Old= New=Header Macho Vertical 1x6 2,54mm
Change Value of Parameter Valor/Partnumber in Part CN? Old= New=Header Macho Vertical 1x7 2,54mm
Change Value of Parameter Valor/Partnumber in Part CN? Old= New=Header Macho Vertical 1x8 2,54mm
Change Value of Parameter Valor/Partnumber in Part CN? Old= New=Header Macho Vertical 1x9 2,54mm
Change Value of Parameter Valor/Partnumber in Part CN? Old= New=Header Macho Vertical 1x10 2,54mm
Change Value of Parameter Valor/Partnumber in Part CN? Old= New=Header Macho Vertical 1x11 2,54mm
Change Value of Parameter Valor/Partnumber in Part CN? Old= New=Header Macho Vertical 1x12 2,54mm
Change Value of Parameter Valor/Partnumber in Part CN? Old= New=Header Macho Vertical 1x13 2,54mm
Change Value of Parameter Valor/Partnumber in Part CN? Old= New=Header Macho Vertical 1x14 2,54mm
Change Value of Parameter Valor/Partnumber in Part CN? Old= New=Header Macho Vertical 1x15 2,54mm
Change Value of Parameter Valor/Partnumber in Part CN? Old= New=Header Macho Vertical 1x16 2,54mm
Change Value of Parameter Valor/Partnumber in Part CN? Old= New=Header Macho Vertical 1x17 2,54mm
Change Value of Parameter Valor/Partnumber in Part CN? Old= New=Header Macho Vertical 1x18 2,54mm
Change Value of Parameter Valor/Partnumber in Part CN? Old= New=Header Macho Vertical 1x19 2,54mm
Change Value of Parameter Valor/Partnumber in Part CN? Old= New=Header Macho Vertical 1x20 2,54mm
Change Value of Parameter Valor/Partnumber in Part CN? Old= New=Header Macho Vertical 1x22 2,54mm
Change Value of Parameter Valor/Partnumber in Part CN? Old= New=Header Macho Vertical 1x24 2,54mm
Change Value of Parameter Valor/Partnumber in Part CN? Old= New=Header Macho Vertical 1x25 2,54mm
Change Value of Parameter Valor/Partnumber in Part CN? Old= New=Header Macho Vertical 1x30 2,54mm
Change Value of Parameter Valor/Partnumber in Part CN? Old= New=Header Macho Vertical 2x2 2,54mm
Change Value of Parameter Valor/Partnumber in Part CN? Old= New=Header Macho Vertical 2x3 2,54mm
Change Value of Parameter Valor/Partnumber in Part CN? Old= New=Header Macho Vertical 2x4 2,54mm
Change Value of Parameter Valor/Partnumber in Part CN? Old= New=Header Macho Vertical 2x5 2,54mm
Change Value of Parameter Valor/Partnumber in Part CN? Old= New=Header Macho Vertical 2x6 2,54mm
Change Value of Parameter Valor/Partnumber in Part CN? Old= New=Header Macho Vertical 2x7 2,54mm
Change Value of Parameter Valor/Partnumber in Part CN? Old= New=Header Macho Vertical 2x8 2,54mm
Change Value of Parameter Valor/Partnumber in Part CN? Old= New=Header Macho Vertical 2x9 2,54mm
Change Value of Parameter Valor/Partnumber in Part CN? Old= New=Header Macho Vertical 2x10 2,54mm
Change Value of Parameter Valor/Partnumber in Part CN? Old= New=Header Macho Vertical 2x11 2,54mm
Change Value of Parameter Valor/Partnumber in Part CN? Old= New=Header Macho Vertical 2x12 2,54mm
Change Value of Parameter Valor/Partnumber in Part CN? Old= New=Header Macho Vertical 2x13 2,54mm
Change Value of Parameter Valor/Partnumber in Part CN? Old= New=Header Macho Vertical 2x14 2,54mm
Change Value of Parameter Valor/Partnumber in Part CN? Old= New=Header Macho Vertical 2x15 2,54mm
Change Value of Parameter Valor/Partnumber in Part CN? Old= New=Header Macho Vertical 2x16 2,54mm
Change Value of Parameter Valor/Partnumber in Part CN? Old= New=Header Macho Vertical 2x17 2,54mm
Change Value of Parameter Valor/Partnumber in Part CN? Old= New=Header Macho Vertical 2x18 2,54mm
Change Value of Parameter Valor/Partnumber in Part CN? Old= New=Header Macho Vertical 2x19 2,54mm
Change Value of Parameter Valor/Partnumber in Part CN? Old= New=Header Macho Vertical 2x20 2,54mm
Change Value of Parameter Valor/Partnumber in Part CN? Old= New=Header Macho Vertical 2x22 2,54mm
Change Value of Parameter Valor/Partnumber in Part CN? Old= New=Header Macho Vertical 2x24 2,54mm
Change Value of Parameter Valor/Partnumber in Part CN? Old= New=Header Macho Vertical 2x25 2,54mm
Change Value of Parameter Valor/Partnumber in Part CN? Old= New=Header Macho Vertical 2x30 2,54mm
Added Parameter Valor/Partnumber=DB9 Fêmea Horizontal to Part CN?
Added Parameter Valor/Partnumber=DB9 Macho Horizontal to Part CN?
