Removed Parameter Supplier 1:Digi-Key from Part U?
Removed Parameter Supplier 1:Digi-Key from Part U?
Removed Parameter Supplier 1:Digi-Key from Part U?
Removed Parameter Supplier 1:Digi-Key from Part U?
Removed Parameter Supplier 1:Digi-Key from Part U?
Removed Parameter Supplier 1:Digi-Key from Part U?
Removed Parameter Supplier 1:Digi-Key from Part U?
Removed Parameter Supplier 1:Digi-Key from Part U?
Removed Parameter Supplier 1:Digi-Key from Part U?
Removed Parameter Supplier 1:Digi-Key from Part U?
Removed Parameter Supplier 1:Digi-Key from Part U?
Removed Parameter Supplier 1:Digi-Key from Part U?
Removed Parameter Supplier 1:Digi-Key from Part U?
Removed Parameter Supplier 1:Farnell from Part U?
Removed Parameter Supplier 1:Farnell from Part U?
Removed Parameter Supplier 1:Farnell from Part U?
Removed Parameter Supplier 1:Farnell from Part U?
Removed Parameter Supplier 1:Farnell from Part U?
Removed Parameter Supplier 1:Farnell from Part U?
Removed Parameter Supplier 1:Farnell from Part U?
Removed Parameter Supplier 1:Farnell from Part U?
Removed Parameter Supplier 1:Farnell from Part U?
Removed Parameter Supplier 1:Mouser from Part U?
Removed Parameter Supplier 1:Mouser from Part U?
Removed Parameter Supplier 1:Mouser from Part U?
Removed Parameter Supplier 1:Mouser from Part U?
Removed Parameter Supplier 1:Mouser from Part U?
Removed Parameter Supplier 1:Newark from Part U?
Removed Parameter Supplier 1:Newark from Part U?
Removed Parameter Supplier 1:TME from Part U?
Removed Parameter Supplier 1:TME from Part U?
Removed Parameter Supplier 1:TME from Part U?
Removed Parameter Supplier Part Number 1:05W5553 from Part U?
Removed Parameter Supplier Part Number 1:59K6312 from Part U?
Removed Parameter Supplier Part Number 1:296-2061-5-ND from Part U?
Removed Parameter Supplier Part Number 1:296-12386-1-ND from Part U?
Removed Parameter Supplier Part Number 1:296-42310-5-ND from Part U?
Removed Parameter Supplier Part Number 1:497-8861-5-ND from Part U?
Removed Parameter Supplier Part Number 1:512-FSDM0565REWDTU from Part U?
Removed Parameter Supplier Part Number 1:556-A24C01BNSH-B from Part U?
Removed Parameter Supplier Part Number 1:568-8760-5-ND from Part U?
Removed Parameter Supplier Part Number 1:595-CD4511BE from Part U?
Removed Parameter Supplier Part Number 1:726-ICE2QS03XKLA1 from Part U?
Removed Parameter Supplier Part Number 1:968-ISL55110IVZ from Part U?
Removed Parameter Supplier Part Number 1:1021342 from Part U?
Removed Parameter Supplier Part Number 1:1106108 from Part U?
Removed Parameter Supplier Part Number 1:1470902 from Part U?
Removed Parameter Supplier Part Number 1:1523830 from Part U?
Removed Parameter Supplier Part Number 1:1564368 from Part U?
Removed Parameter Supplier Part Number 1:1652293 from Part U?
Removed Parameter Supplier Part Number 1:2334928 from Part U?
Removed Parameter Supplier Part Number 1:9589899 from Part U?
Removed Parameter Supplier Part Number 1:9758615 from Part U?
Removed Parameter Supplier Part Number 1:EL817 from Part U?
Removed Parameter Supplier Part Number 1:FAN6604MRMXDKR-ND from Part U?
Removed Parameter Supplier Part Number 1:FSDM1265RBWDTU-ND from Part U?
Removed Parameter Supplier Part Number 1:IL4208-X007-ND from Part U?
Removed Parameter Supplier Part Number 1:IXDN609SIA-ND from Part U?
Removed Parameter Supplier Part Number 1:LM324AN from Part U?
Removed Parameter Supplier Part Number 1:LM555CMM/NOPBCT-ND from Part U?
Removed Parameter Supplier Part Number 1:LM2576HVSX-5.0/NOPBTR-ND from Part U?
Removed Parameter Supplier Part Number 1:LM2576HVSX-ADJ/NOPBCT-ND from Part U?
Removed Parameter Supplier Part Number 1:LM2576HVT-5 from Part U?
Removed Parameter Supplier Part Number 1:NC7SZ74K8XDKR-ND from Part U?
