Removed Parameter Cod. Protheus:03011004 from Part D?
Removed Parameter Cod. Protheus:03011005 from Part D?
Removed Parameter Cod. Protheus:03011012 from Part D?
Removed Parameter Cod. Protheus:03011013 from Part D?
Removed Parameter Cod. Protheus:03011016 from Part D?
Removed Parameter Cod. Protheus:03011019 from Part D?
Removed Parameter Cod. Protheus:03011020 from Part D?
Removed Parameter Cod. Protheus:03011066 from Part D?
Removed Parameter Cod. Protheus:03011069 from Part D?
Removed Parameter Cod. Protheus:03011071 from Part D?
Removed Parameter Cod. Protheus:03011079 from Part D?
Removed Parameter Cod. Protheus:* from Part D?
Removed Parameter Cod. Protheus:* from Part D?
Removed Parameter Fornecedor1: from Part D?
Removed Parameter Fornecedor1: from Part D?
Removed Parameter Fornecedor1: from Part D?
Removed Parameter Fornecedor1: from Part D?
Removed Parameter Fornecedor1: from Part D?
Removed Parameter Fornecedor1: from Part D?
Removed Parameter Fornecedor1: from Part D?
Removed Parameter Fornecedor1: from Part D?
Removed Parameter Fornecedor1: from Part D?
Removed Parameter Fornecedor1: from Part D?
Removed Parameter Fornecedor1: from Part D?
Removed Parameter Fornecedor1: from Part D?
Removed Parameter Fornecedor1: from Part D?
Removed Parameter Fornecimento:Ibramed from Part D?
Removed Parameter Fornecimento:Ibramed from Part D?
Removed Parameter Fornecimento:Ibramed from Part D?
Removed Parameter Fornecimento:Ibramed from Part D?
Removed Parameter Fornecimento:Ibramed from Part D?
Removed Parameter Fornecimento:Ibramed from Part D?
Removed Parameter Fornecimento:Ibramed from Part D?
Removed Parameter Fornecimento:Ibramed from Part D?
Removed Parameter Fornecimento:Ibramed from Part D?
Removed Parameter Fornecimento:Ibramed from Part D?
Removed Parameter Fornecimento:Ibramed from Part D?
Removed Parameter Fornecimento:Ibramed from Part D?
Removed Parameter Fornecimento:Ibramed from Part D?
Added Parameter Valor/Partnumber=Ponte de diodo to Part D?
